<?xml version="1.0" encoding="UTF-8"?>
<testng-results skipped="0" failed="0" total="1" passed="1">
  <reporter-output>
  </reporter-output>
  <suite name="Default suite" duration-ms="19851" started-at="2021-03-26T14:17:32Z" finished-at="2021-03-26T14:17:52Z">
    <groups>
    </groups>
    <test name="Default test" duration-ms="19851" started-at="2021-03-26T14:17:32Z" finished-at="2021-03-26T14:17:52Z">
      <class name="com.Project.TestCases.raj_Test_001">
        <test-method status="PASS" signature="setup()[pri:0, instance:com.Project.TestCases.raj_Test_001@402a079c]" name="setup" is-config="true" duration-ms="8790" started-at="2021-03-26T14:17:32Z" finished-at="2021-03-26T14:17:41Z">
        </test-method> <!-- setup -->
        <test-method status="PASS" signature="loginTest()[pri:0, instance:com.Project.TestCases.raj_Test_001@402a079c]" name="loginTest" duration-ms="10014" started-at="2021-03-26T14:17:41Z" finished-at="2021-03-26T14:17:51Z">
        </test-method> <!-- loginTest -->
        <test-method status="PASS" signature="tearDown()[pri:0, instance:com.Project.TestCases.raj_Test_001@402a079c]" name="tearDown" is-config="true" duration-ms="1013" started-at="2021-03-26T14:17:51Z" finished-at="2021-03-26T14:17:52Z">
        </test-method> <!-- tearDown -->
      </class> <!-- com.Project.TestCases.raj_Test_001 -->
    </test> <!-- Default test -->
  </suite> <!-- Default suite -->
</testng-results>
